Run 1:  Thu Apr 18 10:26:00 2019.  tudelft52.1.47018.
        Em version 16.56 (64-bit Windows) on SRV138 local.

  Project:  D:\Bruno\190418\aSiloss.son.

  Parameter combination: 1 of 8.

    Frequency:  5 GHZ
      Independent parameter values:
        log10tandelta = -8.0
      Dependent parameter values:
        tandelta = 1.0e-8
      Frequency completed Thu Apr 18 10:26:07 2019.
      De-embedded S-Parameters. 50.0 Ohm Port Terminations.
      Magnitude/Angle. Touchstone Format. (S11 S21 S12 S22).
        5.00000000 0.003228 89.111 0.999995 -0.889 0.999995 -0.889 0.003228 89.111
        !< P1 F=5.0 Eeff=(8.0610588 0.0) Z0=(61.7558397 0.0) R=1.56741e-4 C=0.00112951 
        !< P2 F=5.0 Eeff=(8.0610588 0.0) Z0=(61.7558397 0.0) R=1.56741e-4 C=0.00112951 

  Parameter combination: 2 of 8.

    Frequency:  5 GHZ
      Independent parameter values:
        log10tandelta = -7.0
      Dependent parameter values:
        tandelta = 1.0e-7
      Frequency completed Thu Apr 18 10:26:15 2019.
      De-embedded S-Parameters. 50.0 Ohm Port Terminations.
      Magnitude/Angle. Touchstone Format. (S11 S21 S12 S22).
        5.00000000 0.003228 89.111 0.999995 -0.889 0.999995 -0.889 0.003228 89.111
        !< P1 F=5.0 Eeff=(8.06106148 0.0) Z0=(61.7558501 0.0) R=0.00200336 C=0.00112951 
        !< P2 F=5.0 Eeff=(8.06106148 0.0) Z0=(61.7558501 0.0) R=0.00200336 C=0.00112951 

  Parameter combination: 3 of 8.

    Frequency:  5 GHZ
      Independent parameter values:
        log10tandelta = -6.0
      Dependent parameter values:
        tandelta = 1.0e-6
      Frequency completed Thu Apr 18 10:26:23 2019.
      De-embedded S-Parameters. 50.0 Ohm Port Terminations.
      Magnitude/Angle. Touchstone Format. (S11 S21 S12 S22).
        5.00000000 0.003228 89.111 0.999995 -0.889 0.999995 -0.889 0.003228 89.111
        !< P1 F=5.0 Eeff=(8.06106324 -1.944e-6) Z0=(61.7558568 7.53946e-6) R=0.01984982 C=0.00112951 
        !< P2 F=5.0 Eeff=(8.06106324 -1.944e-6) Z0=(61.7558568 7.53946e-6) R=0.01984982 C=0.00112951 

  Parameter combination: 4 of 8.

    Frequency:  5 GHZ
      Independent parameter values:
        log10tandelta = -5.0
      Dependent parameter values:
        tandelta = 1.0e-5
      Frequency completed Thu Apr 18 10:26:30 2019.
      De-embedded S-Parameters. 50.0 Ohm Port Terminations.
      Magnitude/Angle. Touchstone Format. (S11 S21 S12 S22).
        5.00000000 0.003228 89.111 0.999995 -0.889 0.999995 -0.889 0.003228 89.111
        !< P1 F=5.0 Eeff=(8.06106322 -1.9669e-5) Z0=(61.7558567 7.53855e-5) R=0.1983749 C=0.00112951 
        !< P2 F=5.0 Eeff=(8.06106322 -1.9669e-5) Z0=(61.7558567 7.53855e-5) R=0.1983749 C=0.00112951 

  Parameter combination: 5 of 8.

    Frequency:  5 GHZ
      Independent parameter values:
        log10tandelta = -4.0
      Dependent parameter values:
        tandelta = 1.0e-4
      Frequency completed Thu Apr 18 10:26:38 2019.
      De-embedded S-Parameters. 50.0 Ohm Port Terminations.
      Magnitude/Angle. Touchstone Format. (S11 S21 S12 S22).
        5.00000000 0.003228 89.114 0.999995 -0.889 0.999995 -0.889 0.003228 89.114
        !< P1 F=5.0 Eeff=(8.06106516 -1.9681e-4) Z0=(61.7558641 7.53869e-4) R=1.9836637 C=0.00112951 
        !< P2 F=5.0 Eeff=(8.06106516 -1.9681e-4) Z0=(61.7558641 7.53869e-4) R=1.9836637 C=0.00112951 

  Parameter combination: 6 of 8.

    Frequency:  5 GHZ
      Independent parameter values:
        log10tandelta = -3.0
      Dependent parameter values:
        tandelta = 0.001
      Frequency completed Thu Apr 18 10:26:46 2019.
      De-embedded S-Parameters. 50.0 Ohm Port Terminations.
      Magnitude/Angle. Touchstone Format. (S11 S21 S12 S22).
        5.00000000 0.003228 89.138 0.999993 -0.889 0.999993 -0.889 0.003228 89.138
        !< P1 F=5.0 Eeff=(8.06105237 -1.9681e-3) Z0=(61.7558082 0.00753865) R=19.836512 C=0.00112951 
        !< P2 F=5.0 Eeff=(8.06105237 -1.9681e-3) Z0=(61.7558082 0.00753865) R=19.836512 C=0.00112951 

  Parameter combination: 7 of 8.

    Frequency:  5 GHZ
      Independent parameter values:
        log10tandelta = -2.0
      Dependent parameter values:
        tandelta = 0.01
      Frequency completed Thu Apr 18 10:26:53 2019.
      De-embedded S-Parameters. 50.0 Ohm Port Terminations.
      Magnitude/Angle. Touchstone Format. (S11 S21 S12 S22).
        5.00000000 0.003228 89.377 0.999980 -0.889 0.999980 -0.889 0.003228 89.377
        !< P1 F=5.0 Eeff=(8.06113621 -0.01968) Z0=(61.7554392 0.07538328) R=198.351517 C=0.00112957 
        !< P2 F=5.0 Eeff=(8.06113621 -0.01968) Z0=(61.7554392 0.07538328) R=198.351517 C=0.00112957 

  Parameter combination: 8 of 8.

    Frequency:  5 GHZ
      Independent parameter values:
        log10tandelta = -1.0
      Dependent parameter values:
        tandelta = 0.1
      Frequency completed Thu Apr 18 10:27:01 2019.
      De-embedded S-Parameters. 50.0 Ohm Port Terminations.
      Magnitude/Angle. Touchstone Format. (S11 S21 S12 S22).
        5.00000000 0.003225 91.767 0.999845 -0.889 0.999845 -0.889 0.003225 91.767
        !< P1 F=5.0 Eeff=(8.06831193 -0.1962162) Z0=(61.7144157 0.75031567) R=1970.18934 C=0.0011358 
        !< P2 F=5.0 Eeff=(8.06831193 -0.1962162) Z0=(61.7144157 0.75031567) R=1970.18934 C=0.0011358 

Analysis completed Thu Apr 18 10:27:01 2019.
